[0m10:55:20.367888 [debug] [MainThread]: Sending event: {'category': 'dbt', 'action': 'invocation', 'label': 'start', 'context': [<snowplow_tracker.self_describing_json.SelfDescribingJson object at 0x7caf16c743e0>, <snowplow_tracker.self_describing_json.SelfDescribingJson object at 0x7caf17dead80>, <snowplow_tracker.self_describing_json.SelfDescribingJson object at 0x7caf172e9700>]}


============================== 10:55:20.373429 | c3777b4e-657d-4186-9374-cfc4fea48dff ==============================
[0m10:55:20.373429 [info ] [MainThread]: Running with dbt=1.10.1
[0m10:55:20.374143 [debug] [MainThread]: running dbt with arguments {'printer_width': '80', 'indirect_selection': 'eager', 'write_json': 'True', 'log_cache_events': 'False', 'partial_parse': 'True', 'cache_selected_only': 'False', 'profiles_dir': '/home/rafael/.dbt', 'version_check': 'True', 'fail_fast': 'False', 'log_path': 'logs', 'warn_error': 'None', 'debug': 'False', 'use_colors': 'True', 'use_experimental_parser': 'False', 'no_print': 'None', 'quiet': 'False', 'empty': 'None', 'log_format': 'default', 'introspect': 'True', 'static_parser': 'True', 'warn_error_options': 'WarnErrorOptionsV2(error=[], warn=[], silence=[])', 'target_path': 'None', 'invocation_command': 'dbt init', 'send_anonymous_usage_stats': 'True'}
[0m10:55:30.102488 [debug] [MainThread]: Starter project path: /home/rafael/atitus/trabalhos/big_data_dbt/.venv/lib/python3.12/site-packages/dbt/include/starter_project
[0m10:55:30.106625 [info ] [MainThread]: 
Your new dbt project "nyc_parking_violations" was created!

For more information on how to configure the profiles.yml file,
please consult the dbt documentation here:

  https://docs.getdbt.com/docs/configure-your-profile

One more thing:

Need help? Don't hesitate to reach out to us via GitHub issues or on Slack:

  https://community.getdbt.com/

Happy modeling!

[0m10:55:30.107203 [info ] [MainThread]: Setting up your profile.
[0m10:55:42.774627 [debug] [MainThread]: Resource report: {"command_name": "init", "command_success": true, "command_wall_clock_time": 22.480469, "process_in_blocks": "608", "process_kernel_time": 0.159962, "process_mem_max_rss": "113552", "process_out_blocks": "80", "process_user_time": 1.6826}
[0m10:55:42.775379 [debug] [MainThread]: Command `dbt init` succeeded at 10:55:42.775236 after 22.48 seconds
[0m10:55:42.775908 [debug] [MainThread]: Sending event: {'category': 'dbt', 'action': 'invocation', 'label': 'end', 'context': [<snowplow_tracker.self_describing_json.SelfDescribingJson object at 0x7caf16a13800>, <snowplow_tracker.self_describing_json.SelfDescribingJson object at 0x7caf1665e540>, <snowplow_tracker.self_describing_json.SelfDescribingJson object at 0x7caf1665f050>]}
[0m10:55:42.776494 [debug] [MainThread]: Flushing usage events
[0m10:55:44.083624 [debug] [MainThread]: An error was encountered while trying to flush usage events
[0m10:56:42.234227 [debug] [MainThread]: Sending event: {'category': 'dbt', 'action': 'invocation', 'label': 'start', 'context': [<snowplow_tracker.self_describing_json.SelfDescribingJson object at 0x7a2fc759b650>, <snowplow_tracker.self_describing_json.SelfDescribingJson object at 0x7a2fc95f2ea0>, <snowplow_tracker.self_describing_json.SelfDescribingJson object at 0x7a2fc75c4500>]}


============================== 10:56:42.239853 | 672c5198-b154-4d07-aaee-81642838a0ab ==============================
[0m10:56:42.239853 [info ] [MainThread]: Running with dbt=1.10.1
[0m10:56:42.240542 [debug] [MainThread]: running dbt with arguments {'printer_width': '80', 'indirect_selection': 'eager', 'write_json': 'True', 'log_cache_events': 'False', 'partial_parse': 'True', 'cache_selected_only': 'False', 'profiles_dir': '/home/rafael/.dbt', 'debug': 'False', 'fail_fast': 'False', 'log_path': 'logs', 'warn_error': 'None', 'version_check': 'True', 'use_colors': 'True', 'use_experimental_parser': 'False', 'no_print': 'None', 'quiet': 'False', 'empty': 'None', 'log_format': 'default', 'introspect': 'True', 'static_parser': 'True', 'warn_error_options': 'WarnErrorOptionsV2(error=[], warn=[], silence=[])', 'target_path': 'None', 'invocation_command': 'dbt debug', 'send_anonymous_usage_stats': 'True'}
[0m10:56:42.250805 [info ] [MainThread]: dbt version: 1.10.1
[0m10:56:42.251332 [info ] [MainThread]: python version: 3.12.3
[0m10:56:42.251781 [info ] [MainThread]: python path: /home/rafael/atitus/trabalhos/big_data_dbt/.venv/bin/python3
[0m10:56:42.252233 [info ] [MainThread]: os info: Linux-6.11.0-26-generic-x86_64-with-glibc2.39
[0m10:56:42.352639 [info ] [MainThread]: Using profiles dir at /home/rafael/.dbt
[0m10:56:42.353203 [info ] [MainThread]: Using profiles.yml file at /home/rafael/.dbt/profiles.yml
[0m10:56:42.353789 [info ] [MainThread]: Using dbt_project.yml file at /home/rafael/atitus/trabalhos/big_data_dbt/dbt_project.yml
[0m10:56:42.363559 [info ] [MainThread]: adapter type: duckdb
[0m10:56:42.364051 [info ] [MainThread]: adapter version: 1.9.3
[0m10:56:42.364490 [info ] [MainThread]: Configuration:
[0m10:56:42.364901 [info ] [MainThread]:   profiles.yml file [[32mOK found and valid[0m]
[0m10:56:42.365335 [info ] [MainThread]:   dbt_project.yml file [[31mERROR not found[0m]
[0m10:56:42.365718 [info ] [MainThread]: Required dependencies:
[0m10:56:42.366236 [debug] [MainThread]: Executing "git --help"
[0m10:56:42.370171 [debug] [MainThread]: STDOUT: "b"usage: git [-v | --version] [-h | --help] [-C <path>] [-c <name>=<value>]\n           [--exec-path[=<path>]] [--html-path] [--man-path] [--info-path]\n           [-p | --paginate | -P | --no-pager] [--no-replace-objects] [--bare]\n           [--git-dir=<path>] [--work-tree=<path>] [--namespace=<name>]\n           [--config-env=<name>=<envvar>] <command> [<args>]\n\nThese are common Git commands used in various situations:\n\nstart a working area (see also: git help tutorial)\n   clone     Clone a repository into a new directory\n   init      Create an empty Git repository or reinitialize an existing one\n\nwork on the current change (see also: git help everyday)\n   add       Add file contents to the index\n   mv        Move or rename a file, a directory, or a symlink\n   restore   Restore working tree files\n   rm        Remove files from the working tree and from the index\n\nexamine the history and state (see also: git help revisions)\n   bisect    Use binary search to find the commit that introduced a bug\n   diff      Show changes between commits, commit and working tree, etc\n   grep      Print lines matching a pattern\n   log       Show commit logs\n   show      Show various types of objects\n   status    Show the working tree status\n\ngrow, mark and tweak your common history\n   branch    List, create, or delete branches\n   commit    Record changes to the repository\n   merge     Join two or more development histories together\n   rebase    Reapply commits on top of another base tip\n   reset     Reset current HEAD to the specified state\n   switch    Switch branches\n   tag       Create, list, delete or verify a tag object signed with GPG\n\ncollaborate (see also: git help workflows)\n   fetch     Download objects and refs from another repository\n   pull      Fetch from and integrate with another repository or a local branch\n   push      Update remote refs along with associated objects\n\n'git help -a' and 'git help -g' list available subcommands and some\nconcept guides. See 'git help <command>' or 'git help <concept>'\nto read about a specific subcommand or concept.\nSee 'git help git' for an overview of the system.\n""
[0m10:56:42.371885 [debug] [MainThread]: STDERR: "b''"
[0m10:56:42.373357 [info ] [MainThread]:  - git [[32mOK found[0m]

[0m10:56:42.374548 [info ] [MainThread]: Connection:
[0m10:56:42.375435 [info ] [MainThread]:   database: dev
[0m10:56:42.376174 [info ] [MainThread]:   schema: main
[0m10:56:42.376751 [info ] [MainThread]:   path: dev.duckdb
[0m10:56:42.377208 [info ] [MainThread]:   config_options: None
[0m10:56:42.377665 [info ] [MainThread]:   extensions: None
[0m10:56:42.378117 [info ] [MainThread]:   settings: {}
[0m10:56:42.378576 [info ] [MainThread]:   external_root: .
[0m10:56:42.378985 [info ] [MainThread]:   use_credential_provider: None
[0m10:56:42.379457 [info ] [MainThread]:   attach: None
[0m10:56:42.379859 [info ] [MainThread]:   filesystems: None
[0m10:56:42.380278 [info ] [MainThread]:   remote: None
[0m10:56:42.380683 [info ] [MainThread]:   plugins: None
[0m10:56:42.381113 [info ] [MainThread]:   disable_transactions: False
[0m10:56:42.381681 [info ] [MainThread]: Registered adapter: duckdb=1.9.3
[0m10:56:42.510237 [debug] [MainThread]: Acquiring new duckdb connection 'debug'
[0m10:56:42.540352 [debug] [MainThread]: Using duckdb connection "debug"
[0m10:56:42.540853 [debug] [MainThread]: On debug: select 1 as id
[0m10:56:42.541261 [debug] [MainThread]: Opening a new connection, currently in state init
[0m10:56:42.567377 [debug] [MainThread]: SQL status: OK in 0.026 seconds
[0m10:56:42.568596 [debug] [MainThread]: On debug: Close
[0m10:56:42.569131 [info ] [MainThread]:   Connection test: [[32mOK connection ok[0m]

[0m10:56:42.569561 [info ] [MainThread]: [31m1 check failed:[0m
[0m10:56:42.569962 [info ] [MainThread]: Project loading failed for the following reason:
 project path </home/rafael/atitus/trabalhos/big_data_dbt/dbt_project.yml> not found

[0m10:56:42.571012 [debug] [MainThread]: Resource report: {"command_name": "debug", "command_success": false, "command_wall_clock_time": 0.40531006, "process_in_blocks": "56", "process_kernel_time": 0.19281, "process_mem_max_rss": "137884", "process_out_blocks": "48", "process_user_time": 1.911118}
[0m10:56:42.571653 [debug] [MainThread]: Command `dbt debug` failed at 10:56:42.571529 after 0.41 seconds
[0m10:56:42.572077 [debug] [MainThread]: Connection 'debug' was properly closed.
[0m10:56:42.572517 [debug] [MainThread]: Sending event: {'category': 'dbt', 'action': 'invocation', 'label': 'end', 'context': [<snowplow_tracker.self_describing_json.SelfDescribingJson object at 0x7a2fc723d1c0>, <snowplow_tracker.self_describing_json.SelfDescribingJson object at 0x7a2fc2d017f0>, <snowplow_tracker.self_describing_json.SelfDescribingJson object at 0x7a2fc2bb3950>]}
[0m10:56:42.573001 [debug] [MainThread]: Flushing usage events
[0m10:56:43.222806 [debug] [MainThread]: An error was encountered while trying to flush usage events
[0m10:56:54.993377 [debug] [MainThread]: Sending event: {'category': 'dbt', 'action': 'invocation', 'label': 'start', 'context': [<snowplow_tracker.self_describing_json.SelfDescribingJson object at 0x7249c5f2b9b0>, <snowplow_tracker.self_describing_json.SelfDescribingJson object at 0x7249c723e330>, <snowplow_tracker.self_describing_json.SelfDescribingJson object at 0x7249c5f29d30>]}


============================== 10:56:54.998929 | 30114397-63db-40f2-80a6-e89253eddac0 ==============================
[0m10:56:54.998929 [info ] [MainThread]: Running with dbt=1.10.1
[0m10:56:54.999934 [debug] [MainThread]: running dbt with arguments {'printer_width': '80', 'indirect_selection': 'eager', 'write_json': 'True', 'log_cache_events': 'False', 'partial_parse': 'True', 'cache_selected_only': 'False', 'profiles_dir': '/home/rafael/.dbt', 'debug': 'False', 'fail_fast': 'False', 'log_path': 'logs', 'version_check': 'True', 'warn_error': 'None', 'use_colors': 'True', 'use_experimental_parser': 'False', 'no_print': 'None', 'quiet': 'False', 'empty': 'None', 'log_format': 'default', 'static_parser': 'True', 'introspect': 'True', 'warn_error_options': 'WarnErrorOptionsV2(error=[], warn=[], silence=[])', 'target_path': 'None', 'invocation_command': 'dbt debug', 'send_anonymous_usage_stats': 'True'}
[0m10:56:55.010835 [info ] [MainThread]: dbt version: 1.10.1
[0m10:56:55.011376 [info ] [MainThread]: python version: 3.12.3
[0m10:56:55.011809 [info ] [MainThread]: python path: /home/rafael/atitus/trabalhos/big_data_dbt/.venv/bin/python3
[0m10:56:55.012336 [info ] [MainThread]: os info: Linux-6.11.0-26-generic-x86_64-with-glibc2.39
[0m10:56:55.116852 [info ] [MainThread]: Using profiles dir at /home/rafael/.dbt
[0m10:56:55.117479 [info ] [MainThread]: Using profiles.yml file at /home/rafael/.dbt/profiles.yml
[0m10:56:55.118149 [info ] [MainThread]: Using dbt_project.yml file at /home/rafael/atitus/trabalhos/big_data_dbt/dbt_project.yml
[0m10:56:55.129398 [info ] [MainThread]: adapter type: duckdb
[0m10:56:55.130796 [info ] [MainThread]: adapter version: 1.9.3
[0m10:56:55.132009 [info ] [MainThread]: Configuration:
[0m10:56:55.132973 [info ] [MainThread]:   profiles.yml file [[32mOK found and valid[0m]
[0m10:56:55.133694 [info ] [MainThread]:   dbt_project.yml file [[31mERROR not found[0m]
[0m10:56:55.134237 [info ] [MainThread]: Required dependencies:
[0m10:56:55.134697 [debug] [MainThread]: Executing "git --help"
[0m10:56:55.137889 [debug] [MainThread]: STDOUT: "b"usage: git [-v | --version] [-h | --help] [-C <path>] [-c <name>=<value>]\n           [--exec-path[=<path>]] [--html-path] [--man-path] [--info-path]\n           [-p | --paginate | -P | --no-pager] [--no-replace-objects] [--bare]\n           [--git-dir=<path>] [--work-tree=<path>] [--namespace=<name>]\n           [--config-env=<name>=<envvar>] <command> [<args>]\n\nThese are common Git commands used in various situations:\n\nstart a working area (see also: git help tutorial)\n   clone     Clone a repository into a new directory\n   init      Create an empty Git repository or reinitialize an existing one\n\nwork on the current change (see also: git help everyday)\n   add       Add file contents to the index\n   mv        Move or rename a file, a directory, or a symlink\n   restore   Restore working tree files\n   rm        Remove files from the working tree and from the index\n\nexamine the history and state (see also: git help revisions)\n   bisect    Use binary search to find the commit that introduced a bug\n   diff      Show changes between commits, commit and working tree, etc\n   grep      Print lines matching a pattern\n   log       Show commit logs\n   show      Show various types of objects\n   status    Show the working tree status\n\ngrow, mark and tweak your common history\n   branch    List, create, or delete branches\n   commit    Record changes to the repository\n   merge     Join two or more development histories together\n   rebase    Reapply commits on top of another base tip\n   reset     Reset current HEAD to the specified state\n   switch    Switch branches\n   tag       Create, list, delete or verify a tag object signed with GPG\n\ncollaborate (see also: git help workflows)\n   fetch     Download objects and refs from another repository\n   pull      Fetch from and integrate with another repository or a local branch\n   push      Update remote refs along with associated objects\n\n'git help -a' and 'git help -g' list available subcommands and some\nconcept guides. See 'git help <command>' or 'git help <concept>'\nto read about a specific subcommand or concept.\nSee 'git help git' for an overview of the system.\n""
[0m10:56:55.138784 [debug] [MainThread]: STDERR: "b''"
[0m10:56:55.139291 [info ] [MainThread]:  - git [[32mOK found[0m]

[0m10:56:55.139735 [info ] [MainThread]: Connection:
[0m10:56:55.140190 [info ] [MainThread]:   database: dev
[0m10:56:55.140616 [info ] [MainThread]:   schema: main
[0m10:56:55.141034 [info ] [MainThread]:   path: dev.duckdb
[0m10:56:55.141490 [info ] [MainThread]:   config_options: None
[0m10:56:55.141914 [info ] [MainThread]:   extensions: None
[0m10:56:55.142353 [info ] [MainThread]:   settings: {}
[0m10:56:55.142777 [info ] [MainThread]:   external_root: .
[0m10:56:55.143207 [info ] [MainThread]:   use_credential_provider: None
[0m10:56:55.143629 [info ] [MainThread]:   attach: None
[0m10:56:55.144049 [info ] [MainThread]:   filesystems: None
[0m10:56:55.144479 [info ] [MainThread]:   remote: None
[0m10:56:55.144939 [info ] [MainThread]:   plugins: None
[0m10:56:55.145432 [info ] [MainThread]:   disable_transactions: False
[0m10:56:55.146233 [info ] [MainThread]: Registered adapter: duckdb=1.9.3
[0m10:56:55.254173 [debug] [MainThread]: Acquiring new duckdb connection 'debug'
[0m10:56:55.282843 [debug] [MainThread]: Using duckdb connection "debug"
[0m10:56:55.283363 [debug] [MainThread]: On debug: select 1 as id
[0m10:56:55.283783 [debug] [MainThread]: Opening a new connection, currently in state init
[0m10:56:55.299494 [debug] [MainThread]: SQL status: OK in 0.016 seconds
[0m10:56:55.300668 [debug] [MainThread]: On debug: Close
[0m10:56:55.301155 [info ] [MainThread]:   Connection test: [[32mOK connection ok[0m]

[0m10:56:55.301641 [info ] [MainThread]: [31m1 check failed:[0m
[0m10:56:55.302282 [info ] [MainThread]: Project loading failed for the following reason:
 project path </home/rafael/atitus/trabalhos/big_data_dbt/dbt_project.yml> not found

[0m10:56:55.303763 [debug] [MainThread]: Resource report: {"command_name": "debug", "command_success": false, "command_wall_clock_time": 0.37738043, "process_in_blocks": "0", "process_kernel_time": 0.160975, "process_mem_max_rss": "137872", "process_out_blocks": "24", "process_user_time": 1.916712}
[0m10:56:55.304366 [debug] [MainThread]: Command `dbt debug` failed at 10:56:55.304246 after 0.38 seconds
[0m10:56:55.304775 [debug] [MainThread]: Connection 'debug' was properly closed.
[0m10:56:55.305201 [debug] [MainThread]: Sending event: {'category': 'dbt', 'action': 'invocation', 'label': 'end', 'context': [<snowplow_tracker.self_describing_json.SelfDescribingJson object at 0x7249c6a1b4d0>, <snowplow_tracker.self_describing_json.SelfDescribingJson object at 0x7249c5d43830>, <snowplow_tracker.self_describing_json.SelfDescribingJson object at 0x7249c15f00b0>]}
[0m10:56:55.305672 [debug] [MainThread]: Flushing usage events
[0m10:56:56.023818 [debug] [MainThread]: An error was encountered while trying to flush usage events
